INFO:root:starting at 2021-04-14 11:30:45.245982
ERROR:root:your text goes here
INFO:OpenGL.acceleratesupport:No OpenGL_accelerate module loaded: No module named 'OpenGL_accelerate'
INFO:root:Steam was initialized
INFO:root:The user is Logged in : True
INFO:root:Logged on as 76561198084067013, level: 25
INFO:root:Is subscribed to current app? True
INFO:root:D:\desktop\KingdomsDev\bin is the current working directory for the root
INFO:root:Creating the master deck
INFO:root:Beginning the load all card process
INFO:root:Processing bastion\DwarvenKingdom.txt
INFO:root:bastion\DwarvenKingdom.txt was added to the deck successfully
INFO:root:Processing bastion\MagiTower.txt
INFO:root:bastion\MagiTower.txt was added to the deck successfully
INFO:root:Processing hero\ArgonTheTelekinetic.txt
INFO:root:hero\ArgonTheTelekinetic.txt was added to the deck successfully
INFO:root:Processing hero\AvrenTheSpellSword.txt
INFO:root:hero\AvrenTheSpellSword.txt was added to the deck successfully
INFO:root:Processing hero\HeathThePrideful.txt
INFO:root:hero\HeathThePrideful.txt was added to the deck successfully
INFO:root:Processing lord\AresLordOfBattle.txt
INFO:root:lord\AresLordOfBattle.txt was added to the deck successfully
INFO:root:Processing pawn\BigShieldDwarf.txt
INFO:root:pawn\BigShieldDwarf.txt was added to the deck successfully
INFO:root:Processing pawn\CatapultSquad.txt
INFO:root:pawn\CatapultSquad.txt was added to the deck successfully
INFO:root:Processing pawn\DwarvenChampion.txt
INFO:root:pawn\DwarvenChampion.txt was added to the deck successfully
INFO:root:Processing pawn\DwarvenScholar.txt
INFO:root:pawn\DwarvenScholar.txt was added to the deck successfully
INFO:root:Processing pawn\ElderMagi.txt
INFO:root:pawn\ElderMagi.txt was added to the deck successfully
INFO:root:Processing pawn\EtherialShield.txt
INFO:root:pawn\EtherialShield.txt was added to the deck successfully
INFO:root:Processing pawn\HiredAssassin.txt
INFO:root:pawn\HiredAssassin.txt was added to the deck successfully
INFO:root:Processing pawn\MagiFreshman.txt
INFO:root:pawn\MagiFreshman.txt was added to the deck successfully
INFO:root:Processing pawn\PirateForHire.txt
INFO:root:pawn\PirateForHire.txt was added to the deck successfully
INFO:root:Processing pawn\PyroMagiWarrior.txt
INFO:root:pawn\PyroMagiWarrior.txt was added to the deck successfully
INFO:root:Processing pawn\RecklessMercenary.txt
INFO:root:pawn\RecklessMercenary.txt was added to the deck successfully
INFO:root:Processing pawn\RelaxedDwarf.txt
INFO:root:pawn\RelaxedDwarf.txt was added to the deck successfully
INFO:root:Processing pawn\WardMagi.txt
INFO:root:pawn\WardMagi.txt was added to the deck successfully
INFO:root:Processing relic\CrystalProjector.txt
INFO:root:relic\CrystalProjector.txt was added to the deck successfully
INFO:root:Processing relic\LotusShrine.txt
INFO:root:relic\LotusShrine.txt was added to the deck successfully
INFO:root:Processing relic\ShrineOfGreed.txt
INFO:root:relic\ShrineOfGreed.txt was added to the deck successfully
INFO:root:Processing relic\TheLostArmory.txt
INFO:root:relic\TheLostArmory.txt was added to the deck successfully
INFO:root:Processing relic\TheRock.txt
INFO:root:relic\TheRock.txt was added to the deck successfully
INFO:root:Processing scroll\Crack.txt
INFO:root:scroll\Crack.txt was added to the deck successfully
INFO:root:Processing scroll\LucidMind.txt
INFO:root:scroll\LucidMind.txt was added to the deck successfully
INFO:root:Processing scroll\SpeedScroll.txt
INFO:root:scroll\SpeedScroll.txt was added to the deck successfully
INFO:root:Processing supply\DirtyContracts.txt
INFO:root:supply\DirtyContracts.txt was added to the deck successfully
INFO:root:Processing terra\Island.txt
INFO:root:terra\Island.txt was added to the deck successfully
INFO:root:Processing terra\Mountain.txt
INFO:root:terra\Mountain.txt was added to the deck successfully
INFO:root:Processing token\template.txt
INFO:root:Processing trice\AfterTheStorm.txt
INFO:root:trice\AfterTheStorm.txt was added to the deck successfully
INFO:root:Processing trice\Counter.txt
INFO:root:trice\Counter.txt was added to the deck successfully
INFO:root:Processing trice\Pluck.txt
INFO:root:trice\Pluck.txt was added to the deck successfully
INFO:root:Processing trice\TheBiggerTheyAre.txt
INFO:root:trice\TheBiggerTheyAre.txt was added to the deck successfully
INFO:root:Finished creating the deck and returning
